Unity Editor version:    6000.0.28f1 (f336aca0cab5)
Branch:                  6000.0/staging
Build type:              Release
Batch mode:              YES
System name:             Linux
Distro version:          #1 SMP PREEMPT_DYNAMIC Fri, 06 Dec 2024 11:15:43 +0000
Kernel version:          6.12.3-arch1-1
Architecture:            x86_64
Window Protocol:         Wayland (XWayland)
Available memory:        32011 MB
Using pre-set license
Pro License: YES
The selected window backend is (null) 
Desktop is 10240 x 2880 @ 60 Hz
Initialize udev device monitor.

COMMAND LINE ARGUMENTS:
Unity
-adb2
-batchMode
-noUpm
-name
AssetImportWorker1
-projectPath
/mnt/dati/Unipa/Materie/Robotica/Progetto/Robotica_project/Robotica_project
-logFile
Logs/AssetImportWorker1.log
-srvPort
41413
-job-worker-count
7
-background-job-worker-count
8
-asset-garbage-collectors
1
Successfully changed project path to: /mnt/dati/Unipa/Materie/Robotica/Progetto/Robotica_project/Robotica_project

(Unity:13165): Gtk-CRITICAL **: 10:40:30.949: gtk_label_set_markup: assertion 'GTK_IS_LABEL (label)' failed

(Unity:13165): Gtk-CRITICAL **: 10:40:30.949: gtk_label_set_markup: assertion 'GTK_IS_LABEL (label)' failed
/mnt/dati/Unipa/Materie/Robotica/Progetto/Robotica_project/Robotica_project
[UnityMemory] Configuration Parameters - Can be set up in boot.config
    "memorysetup-bucket-allocator-granularity=16"
    "memorysetup-bucket-allocator-bucket-count=8"
    "memorysetup-bucket-allocator-block-size=33554432"
    "memorysetup-bucket-allocator-block-count=8"
    "memorysetup-main-allocator-block-size=16777216"
    "memorysetup-thread-allocator-block-size=16777216"
    "memorysetup-gfx-main-allocator-block-size=16777216"
    "memorysetup-gfx-thread-allocator-block-size=16777216"
    "memorysetup-cache-allocator-block-size=4194304"
    "memorysetup-typetree-allocator-block-size=2097152"
    "memorysetup-profiler-bucket-allocator-granularity=16"
    "memorysetup-profiler-bucket-allocator-bucket-count=8"
    "memorysetup-profiler-bucket-allocator-block-size=33554432"
    "memorysetup-profiler-bucket-allocator-block-count=8"
    "memorysetup-profiler-allocator-block-size=16777216"
    "memorysetup-profiler-editor-allocator-block-size=1048576"
    "memorysetup-temp-allocator-size-main=16777216"
    "memorysetup-job-temp-allocator-block-size=2097152"
    "memorysetup-job-temp-allocator-block-size-background=1048576"
    "memorysetup-job-temp-allocator-reduction-small-platforms=262144"
    "memorysetup-allocator-temp-initial-block-size-main=262144"
    "memorysetup-allocator-temp-initial-block-size-worker=262144"
    "memorysetup-temp-allocator-size-background-worker=32768"
    "memorysetup-temp-allocator-size-job-worker=262144"
    "memorysetup-temp-allocator-size-preload-manager=33554432"
    "memorysetup-temp-allocator-size-nav-mesh-worker=65536"
    "memorysetup-temp-allocator-size-audio-worker=65536"
    "memorysetup-temp-allocator-size-cloud-worker=32768"
    "memorysetup-temp-allocator-size-gi-baking-worker=262144"
    "memorysetup-temp-allocator-size-gi-baking-worker=262144"
    "memorysetup-temp-allocator-size-gi-baking-worker=262144"
    "memorysetup-temp-allocator-size-gi-baking-worker=262144"
    "memorysetup-temp-allocator-size-gi-baking-worker=262144"
    "memorysetup-temp-allocator-size-gfx=262144"
Player connection [136528583349312]  Target information:

Player connection [136528583349312]  * "[IP] 192.168.31.86 [Port] 0 [Flags] 2 [Guid] 1924110479 [EditorId] 1924110479 [Version] 1048832 [Id] LinuxEditor(16,192.168.31.86) [Debug] 1 [PackageName] LinuxEditor [ProjectName] Editor" 

Player connection [136528583349312]  * "[IP] 192.168.122.1 [Port] 0 [Flags] 2 [Guid] 1924110479 [EditorId] 1924110479 [Version] 1048832 [Id] LinuxEditor(16,192.168.31.86) [Debug] 1 [PackageName] LinuxEditor [ProjectName] Editor" 

Player connection [136528583349312]  * "[IP] 172.17.0.1 [Port] 0 [Flags] 2 [Guid] 1924110479 [EditorId] 1924110479 [Version] 1048832 [Id] LinuxEditor(16,192.168.31.86) [Debug] 1 [PackageName] LinuxEditor [ProjectName] Editor" 

Player connection [136528583349312]  * "[IP] 10.100.100.2 [Port] 0 [Flags] 2 [Guid] 1924110479 [EditorId] 1924110479 [Version] 1048832 [Id] LinuxEditor(16,192.168.31.86) [Debug] 1 [PackageName] LinuxEditor [ProjectName] Editor" 

Player connection [136528583349312] Host joined multi-casting on [225.0.0.222:54997]...
Player connection [136528583349312] Host joined alternative multi-casting on [225.0.0.222:34997]...
JobSystem: Creating JobQueue using job-worker-count value 7
[Physics::Module] Initialized fallback backend.
[Physics::Module] Id: 0xdecafbad
Library Redirect Path: Library/
[Physics::Module] Selected backend.
[Physics::Module] Name: PhysX
[Physics::Module] Id: 0xf2b8ea05
[Physics::Module] SDK Version: 4.1.2
[Physics::Module] Integration Version: 1.0.0
[Physics::Module] Threading Mode: Multi-Threaded
Refreshing native plugins compatible for Editor in 0,56 ms, found 0 plugins.
Preloading 0 native plugins for Editor in 0,00 ms.
Initialize engine version: 6000.0.28f1 (f336aca0cab5)
[Subsystems] Discovering subsystems at path /home/ivan/Unity/Hub/Editor/6000.0.28f1/Editor/Data/Resources/UnitySubsystems
[Subsystems] Discovering subsystems at path /mnt/dati/Unipa/Materie/Robotica/Progetto/Robotica_project/Robotica_project/Assets
kGfxThreadingModeNonThreaded is not supported on OpenGL Core. Reverting to kGfxThreadingModeDirect instead.
GfxDevice: creating device client; kGfxThreadingModeDirect
GLX Extensions: GLX_ARB_context_flush_control GLX_ARB_create_context GLX_ARB_create_context_no_error GLX_ARB_create_context_profile GLX_ARB_create_context_robustness GLX_ARB_fbconfig_float GLX_ARB_framebuffer_sRGB GLX_ARB_get_proc_address GLX_ARB_multisample GLX_EXT_buffer_age GLX_EXT_create_context_es2_profile GLX_EXT_create_context_es_profile GLX_EXT_fbconfig_packed_float GLX_EXT_framebuffer_sRGB GLX_EXT_no_config_context GLX_EXT_swap_control GLX_EXT_swap_control_tear GLX_EXT_texture_from_pixmap GLX_EXT_visual_info GLX_EXT_visual_rating GLX_MESA_copy_sub_buffer GLX_MESA_gl_interop GLX_MESA_query_renderer GLX_MESA_swap_control GLX_OML_sync_control GLX_SGIS_multisample GLX_SGIX_fbconfig GLX_SGIX_pbuffer GLX_SGIX_visual_select_group GLX_SGI_make_current_read GLX_SGI_video_sync 
Renderer: AMD Radeon RX 6800 (radeonsi, navi21, LLVM 18.1.8, DRM 3.59, 6.12.3-arch1-1)
Vendor:   AMD
Version:  4.6 (Core Profile) Mesa 24.3.1-arch1.2
GLES:     0
 GL_AMD_conservative_depth GL_AMD_depth_clamp_separate GL_AMD_draw_buffers_blend GL_AMD_framebuffer_multisample_advanced GL_AMD_gpu_shader_int64 GL_AMD_multi_draw_indirect GL_AMD_performance_monitor GL_AMD_pinned_memory GL_AMD_query_buffer_object GL_AMD_seamless_cubemap_per_texture GL_AMD_shader_stencil_export GL_AMD_shader_trinary_minmax GL_AMD_texture_texture4 GL_AMD_vertex_shader_layer GL_AMD_vertex_shader_viewport_index GL_ANGLE_texture_compression_dxt3 GL_ANGLE_texture_compression_dxt5 GL_ARB_ES2_compatibility GL_ARB_ES3_1_compatibility GL_ARB_ES3_2_compatibility GL_ARB_ES3_compatibility GL_ARB_arrays_of_arrays GL_ARB_base_instance GL_ARB_bindless_texture GL_ARB_blend_func_extended GL_ARB_buffer_storage GL_ARB_clear_buffer_object GL_ARB_clear_texture GL_ARB_clip_control GL_ARB_color_buffer_float GL_ARB_compressed_texture_pixel_storage GL_ARB_compute_shader GL_ARB_compute_variable_group_size GL_ARB_conditional_render_inverted GL_ARB_conservative_depth GL_ARB_copy_buffer GL_ARB_copy_image GL_ARB_cull_dist
ance GL_ARB_debug_output GL_ARB_depth_buffer_float GL_ARB_depth_clamp GL_ARB_derivative_control GL_ARB_direct_state_access GL_ARB_draw_buffers GL_ARB_draw_buffers_blend GL_ARB_draw_elements_base_vertex GL_ARB_draw_indirect GL_ARB_draw_instanced GL_ARB_enhanced_layouts GL_ARB_explicit_attrib_location GL_ARB_explicit_uniform_location GL_ARB_fragment_coord_conventions GL_ARB_fragment_layer_viewport GL_ARB_fragment_shader GL_ARB_framebuffer_no_attachments GL_ARB_framebuffer_object GL_ARB_framebuffer_sRGB GL_ARB_get_program_binary GL_ARB_get_texture_sub_image GL_ARB_gl_spirv GL_ARB_gpu_shader5 GL_ARB_gpu_shader_fp64 GL_ARB_gpu_shader_int64 GL_ARB_half_float_pixel GL_ARB_half_float_vertex GL_ARB_indirect_parameters GL_ARB_instanced_arrays GL_ARB_internalformat_query GL_ARB_internalformat_query2 GL_ARB_invalidate_subdata GL_ARB_map_buffer_alignment GL_ARB_map_buffer_range GL_ARB_multi_bind GL_ARB_multi_draw_indirect GL_ARB_occlusion_query2 GL_ARB_parallel_shader_compile GL_ARB_pipeline_statistics_query GL_ARB_pixel
_buffer_object GL_ARB_point_sprite GL_ARB_polygon_offset_clamp GL_ARB_post_depth_coverage GL_ARB_program_interface_query GL_ARB_provoking_vertex GL_ARB_query_buffer_object GL_ARB_robust_buffer_access_behavior GL_ARB_robustness GL_ARB_sample_shading GL_ARB_sampler_objects GL_ARB_seamless_cube_map GL_ARB_seamless_cubemap_per_texture GL_ARB_separate_shader_objects GL_ARB_shader_atomic_counter_ops GL_ARB_shader_atomic_counters GL_ARB_shader_ballot GL_ARB_shader_bit_encoding GL_ARB_shader_clock GL_ARB_shader_draw_parameters GL_ARB_shader_group_vote GL_ARB_shader_image_load_store GL_ARB_shader_image_size GL_ARB_shader_objects GL_ARB_shader_precision GL_ARB_shader_stencil_export GL_ARB_shader_storage_buffer_object GL_ARB_shader_subroutine GL_ARB_shader_texture_image_samples GL_ARB_shader_texture_lod GL_ARB_shader_viewport_layer_array GL_ARB_shading_language_420pack GL_ARB_shading_language_include GL_ARB_shading_language_packing GL_ARB_sparse_buffer GL_ARB_sparse_texture GL_ARB_sparse_texture2 GL_ARB_sparse_texture_
clamp GL_ARB_spirv_extensions GL_ARB_stencil_texturing GL_ARB_sync GL_ARB_tessellation_shader GL_ARB_texture_barrier GL_ARB_texture_border_clamp GL_ARB_texture_buffer_object GL_ARB_texture_buffer_object_rgb32 GL_ARB_texture_buffer_range GL_ARB_texture_compression_bptc GL_ARB_texture_compression_rgtc GL_ARB_texture_cube_map_array GL_ARB_texture_filter_anisotropic GL_ARB_texture_filter_minmax GL_ARB_texture_float GL_ARB_texture_gather GL_ARB_texture_mirror_clamp_to_edge GL_ARB_texture_multisample GL_ARB_texture_non_power_of_two GL_ARB_texture_query_levels GL_ARB_texture_query_lod GL_ARB_texture_rectangle GL_ARB_texture_rg GL_ARB_texture_rgb10_a2ui GL_ARB_texture_stencil8 GL_ARB_texture_storage GL_ARB_texture_storage_multisample GL_ARB_texture_swizzle GL_ARB_texture_view GL_ARB_timer_query GL_ARB_transform_feedback2 GL_ARB_transform_feedback3 GL_ARB_transform_feedback_instanced GL_ARB_transform_feedback_overflow_query GL_ARB_uniform_buffer_object GL_ARB_vertex_array_bgra GL_ARB_vertex_array_object GL_ARB_vertex
_attrib_64bit GL_ARB_vertex_attrib_binding GL_ARB_vertex_buffer_object GL_ARB_vertex_shader GL_ARB_vertex_type_10f_11f_11f_rev GL_ARB_vertex_type_2_10_10_10_rev GL_ARB_viewport_array GL_ATI_blend_equation_separate GL_ATI_meminfo GL_ATI_texture_float GL_ATI_texture_mirror_once GL_EXT_EGL_image_storage GL_EXT_EGL_image_storage_compression GL_EXT_EGL_sync GL_EXT_abgr GL_EXT_blend_equation_separate GL_EXT_debug_label GL_EXT_demote_to_helper_invocation GL_EXT_depth_bounds_test GL_EXT_draw_buffers2 GL_EXT_draw_instanced GL_EXT_framebuffer_blit GL_EXT_framebuffer_multisample GL_EXT_framebuffer_multisample_blit_scaled GL_EXT_framebuffer_object GL_EXT_framebuffer_sRGB GL_EXT_memory_object GL_EXT_memory_object_fd GL_EXT_packed_depth_stencil GL_EXT_packed_float GL_EXT_pixel_buffer_object GL_EXT_polygon_offset_clamp GL_EXT_provoking_vertex GL_EXT_semaphore GL_EXT_semaphore_fd GL_EXT_shader_image_load_formatted GL_EXT_shader_image_load_store GL_EXT_shader_integer_mix GL_EXT_shader_samples_identical GL_EXT_texture_array G
L_EXT_texture_compression_dxt1 GL_EXT_texture_compression_rgtc GL_EXT_texture_compression_s3tc GL_EXT_texture_filter_anisotropic GL_EXT_texture_filter_minmax GL_EXT_texture_integer GL_EXT_texture_mirror_clamp GL_EXT_texture_sRGB GL_EXT_texture_sRGB_R8 GL_EXT_texture_sRGB_RG8 GL_EXT_texture_sRGB_decode GL_EXT_texture_shadow_lod GL_EXT_texture_shared_exponent GL_EXT_texture_snorm GL_EXT_texture_storage GL_EXT_texture_swizzle GL_EXT_timer_query GL_EXT_transform_feedback GL_EXT_vertex_array_bgra GL_EXT_vertex_attrib_64bit GL_EXT_window_rectangles GL_IBM_multimode_draw_arrays GL_INTEL_blackhole_render GL_KHR_blend_equation_advanced GL_KHR_context_flush_control GL_KHR_debug GL_KHR_no_error GL_KHR_parallel_shader_compile GL_KHR_robust_buffer_access_behavior GL_KHR_robustness GL_KHR_shader_subgroup GL_KHR_texture_compression_astc_ldr GL_KHR_texture_compression_astc_sliced_3d GL_MESA_framebuffer_flip_y GL_MESA_pack_invert GL_MESA_shader_integer_functions GL_MESA_texture_const_bandwidth GL_MESA_texture_signed_rgba GL_
NVX_gpu_memory_info GL_NV_alpha_to_coverage_dither_control GL_NV_compute_shader_derivatives GL_NV_conditional_render GL_NV_copy_image GL_NV_depth_clamp GL_NV_packed_depth_stencil GL_NV_shader_atomic_int64 GL_NV_texture_barrier GL_NV_vdpau_interop GL_OES_EGL_image GL_S3_s3tc
OPENGL LOG: Creating OpenGL 4.6 graphics device ; Context level  <OpenGL 4.5> ; Context handle 339728736
Initialize mono
Mono path[0] = '/home/ivan/Unity/Hub/Editor/6000.0.28f1/Editor/Data/Managed'
Mono path[1] = '/home/ivan/Unity/Hub/Editor/6000.0.28f1/Editor/Data/MonoBleedingEdge/lib/mono/unityjit-linux'
Mono config path = '/home/ivan/Unity/Hub/Editor/6000.0.28f1/Editor/Data/MonoBleedingEdge/etc'
Using monoOptions --debugger-agent=transport=dt_socket,embedding=1,server=y,suspend=n,address=127.0.0.1:56165
Begin MonoManager ReloadAssembly
Registering precompiled unity dll's ...
Register platform support module: /home/ivan/Unity/Hub/Editor/6000.0.28f1/Editor/Data/PlaybackEngines/WebGLSupport/UnityEditor.WebGL.Extensions.dll
Register platform support module: /home/ivan/Unity/Hub/Editor/6000.0.28f1/Editor/Data/PlaybackEngines/LinuxStandaloneSupport/UnityEditor.LinuxStandalone.Extensions.dll
Registered in 0,002717 seconds.
- Loaded All Assemblies, in  0,331 seconds
Native extension for LinuxStandalone target not found
Native extension for WebGL target not found
Mono: successfully reloaded assembly
- Finished resetting the current domain, in  0,443 seconds
Domain Reload Profiling: 774ms
	BeginReloadAssembly (68ms)
		ExecutionOrderSort (0ms)
		DisableScriptedObjects (0ms)
		BackupInstance (0ms)
		ReleaseScriptingObjects (0ms)
		CreateAndSetChildDomain (1ms)
	RebuildCommonClasses (39ms)
	RebuildNativeTypeToScriptingClass (8ms)
	initialDomainReloadingComplete (52ms)
	LoadAllAssembliesAndSetupDomain (163ms)
		LoadAssemblies (68ms)
		RebuildTransferFunctionScriptingTraits (0ms)
		AnalyzeDomain (160ms)
			TypeCache.Refresh (159ms)
				TypeCache.ScanAssembly (145ms)
			BuildScriptInfoCaches (0ms)
			ResolveRequiredComponents (0ms)
	FinalizeReload (444ms)
		ReleaseScriptCaches (0ms)
		RebuildScriptCaches (0ms)
		SetupLoadedEditorAssemblies (401ms)
			LogAssemblyErrors (0ms)
			InitializePlatformSupportModulesInManaged (24ms)
			SetLoadedEditorAssemblies (5ms)
			BeforeProcessingInitializeOnLoad (7ms)
			ProcessInitializeOnLoadAttributes (277ms)
			ProcessInitializeOnLoadMethodAttributes (86ms)
			AfterProcessingInitializeOnLoad (3ms)
			EditorAssembliesLoaded (0ms)
		ExecutionOrderSort2 (0ms)
		AwakeInstancesAfterBackupRestoration (0ms)
========================================================================
Worker process is ready to serve import requests
Import Worker Mode flag is 0x00
Begin MonoManager ReloadAssembly
- Loaded All Assemblies, in  0,788 seconds
Refreshing native plugins compatible for Editor in 0,59 ms, found 0 plugins.
Native extension for LinuxStandalone target not found
Native extension for WebGL target not found
Mono: successfully reloaded assembly
- Finished resetting the current domain, in  1,025 seconds
Domain Reload Profiling: 1812ms
	BeginReloadAssembly (301ms)
		ExecutionOrderSort (0ms)
		DisableScriptedObjects (6ms)
		BackupInstance (0ms)
		ReleaseScriptingObjects (0ms)
		CreateAndSetChildDomain (39ms)
	RebuildCommonClasses (41ms)
	RebuildNativeTypeToScriptingClass (10ms)
	initialDomainReloadingComplete (39ms)
	LoadAllAssembliesAndSetupDomain (395ms)
		LoadAssemblies (214ms)
		RebuildTransferFunctionScriptingTraits (0ms)
		AnalyzeDomain (228ms)
			TypeCache.Refresh (177ms)
				TypeCache.ScanAssembly (164ms)
			BuildScriptInfoCaches (43ms)
			ResolveRequiredComponents (5ms)
	FinalizeReload (1025ms)
		ReleaseScriptCaches (0ms)
		RebuildScriptCaches (0ms)
		SetupLoadedEditorAssemblies (783ms)
			LogAssemblyErrors (0ms)
			InitializePlatformSupportModulesInManaged (3ms)
			SetLoadedEditorAssemblies (6ms)
			BeforeProcessingInitializeOnLoad (51ms)
			ProcessInitializeOnLoadAttributes (690ms)
			ProcessInitializeOnLoadMethodAttributes (25ms)
			AfterProcessingInitializeOnLoad (7ms)
			EditorAssembliesLoaded (0ms)
		ExecutionOrderSort2 (0ms)
		AwakeInstancesAfterBackupRestoration (4ms)
AutoLocale: current locale expects 'C' but got 'it_IT.UTF-8'
Launched and connected shader compiler UnityShaderCompiler after 0.01 seconds
Refreshing native plugins compatible for Editor in 0.53 ms, found 0 plugins.
Preloading 0 native plugins for Editor in 0.00 ms.
Unloading 9 Unused Serialized files (Serialized files now loaded: 0)
Unloading 3757 unused Assets / (2.0 MB). Loaded Objects now: 4396.
Memory consumption went from 99.9 MB to 98.0 MB.
Total: 12.481177 ms (FindLiveObjects: 0.586400 ms CreateObjectMapping: 0.285756 ms MarkObjects: 9.181479 ms  DeleteObjects: 2.425989 ms)

========================================================================
Received Import Request.
  Time since last request: 1960.982526 seconds.
  path: Assets/ModularLowpolyStreetsFree/Prefabs/Roads/Crossroads_1_lines_2_walk.prefab
  artifactKey: Guid(610857578956dd14086cc62aeb1c45e0) Importer(815301076,1909f56bfc062723c751e8b465ee728b)
Start importing Assets/ModularLowpolyStreetsFree/Prefabs/Roads/Crossroads_1_lines_2_walk.prefab using Guid(610857578956dd14086cc62aeb1c45e0) Importer(815301076,1909f56bfc062723c751e8b465ee728b) (PreviewImporter) -> (artifact id: 'cbddd409ff28bdd3bce63c4fc9648309') in 0.306538619 seconds
Number of updated asset objects reloaded before import = 0Number of asset objects unloaded after import = 19

========================================================================
Received Import Request.
  Time since last request: 0.000036 seconds.
  path: Assets/ModularLowpolyStreetsFree/Prefabs/Roads/Crossroads_1_lines_walk.prefab
  artifactKey: Guid(566725c8dfb238f419a8e9342ffaab05) Importer(815301076,1909f56bfc062723c751e8b465ee728b)
Start importing Assets/ModularLowpolyStreetsFree/Prefabs/Roads/Crossroads_1_lines_walk.prefab using Guid(566725c8dfb238f419a8e9342ffaab05) Importer(815301076,1909f56bfc062723c751e8b465ee728b) (PreviewImporter) -> (artifact id: '0302e8b8107a8c81dfc240dab6bca408') in 0.01946845 seconds
Number of updated asset objects reloaded before import = 0Number of asset objects unloaded after import = 18

========================================================================
Received Import Request.
  Time since last request: 0.000028 seconds.
  path: Assets/ModularLowpolyStreetsFree/Prefabs/Roads/Crossroads_1_lines_circ.prefab
  artifactKey: Guid(41531554de1577f419a6c056467182f5) Importer(815301076,1909f56bfc062723c751e8b465ee728b)
Start importing Assets/ModularLowpolyStreetsFree/Prefabs/Roads/Crossroads_1_lines_circ.prefab using Guid(41531554de1577f419a6c056467182f5) Importer(815301076,1909f56bfc062723c751e8b465ee728b) (PreviewImporter) -> (artifact id: '49f94db64ed75d3345bae4ed66a1bb0d') in 0.019563078 seconds
Number of updated asset objects reloaded before import = 0Number of asset objects unloaded after import = 18

========================================================================
Received Import Request.
  Time since last request: 0.000026 seconds.
  path: Assets/ModularLowpolyStreetsFree/Prefabs/Roads
  artifactKey: Guid(ce5573bf2f5f34643ab808754f4f0ac1) Importer(815301076,1909f56bfc062723c751e8b465ee728b)
Start importing Assets/ModularLowpolyStreetsFree/Prefabs/Roads using Guid(ce5573bf2f5f34643ab808754f4f0ac1) Importer(815301076,1909f56bfc062723c751e8b465ee728b) (PreviewImporter) -> (artifact id: '0c6fcdce1d4f225c31132b3c83a55415') in 0.000500519 seconds
Number of updated asset objects reloaded before import = 0Number of asset objects unloaded after import = 0

========================================================================
Received Import Request.
  Time since last request: 0.000200 seconds.
  path: Assets/ModularLowpolyStreetsFree/Prefabs/Roads/Road_1_line_turn.prefab
  artifactKey: Guid(98ccc622328d9af478c80599fd4022f0) Importer(815301076,1909f56bfc062723c751e8b465ee728b)
Start importing Assets/ModularLowpolyStreetsFree/Prefabs/Roads/Road_1_line_turn.prefab using Guid(98ccc622328d9af478c80599fd4022f0) Importer(815301076,1909f56bfc062723c751e8b465ee728b) (PreviewImporter) -> (artifact id: '97a4bab01dda9aa1a9b15eb6bcd74400') in 0.022744504 seconds
Number of updated asset objects reloaded before import = 0Number of asset objects unloaded after import = 21

========================================================================
Received Prepare
Begin MonoManager ReloadAssembly
- Loaded All Assemblies, in  0.567 seconds
Refreshing native plugins compatible for Editor in 0.35 ms, found 0 plugins.
Native extension for LinuxStandalone target not found
Native extension for WebGL target not found
Mono: successfully reloaded assembly
- Finished resetting the current domain, in  0.877 seconds
Domain Reload Profiling: 1444ms
	BeginReloadAssembly (156ms)
		ExecutionOrderSort (0ms)
		DisableScriptedObjects (5ms)
		BackupInstance (0ms)
		ReleaseScriptingObjects (0ms)
		CreateAndSetChildDomain (61ms)
	RebuildCommonClasses (43ms)
	RebuildNativeTypeToScriptingClass (9ms)
	initialDomainReloadingComplete (26ms)
	LoadAllAssembliesAndSetupDomain (333ms)
		LoadAssemblies (229ms)
		RebuildTransferFunctionScriptingTraits (0ms)
		AnalyzeDomain (156ms)
			TypeCache.Refresh (5ms)
				TypeCache.ScanAssembly (0ms)
			BuildScriptInfoCaches (144ms)
			ResolveRequiredComponents (5ms)
	FinalizeReload (877ms)
		ReleaseScriptCaches (0ms)
		RebuildScriptCaches (0ms)
		SetupLoadedEditorAssemblies (662ms)
			LogAssemblyErrors (0ms)
			InitializePlatformSupportModulesInManaged (3ms)
			SetLoadedEditorAssemblies (4ms)
			BeforeProcessingInitializeOnLoad (45ms)
			ProcessInitializeOnLoadAttributes (583ms)
			ProcessInitializeOnLoadMethodAttributes (20ms)
			AfterProcessingInitializeOnLoad (7ms)
			EditorAssembliesLoaded (0ms)
		ExecutionOrderSort2 (0ms)
		AwakeInstancesAfterBackupRestoration (4ms)
Refreshing native plugins compatible for Editor in 0.42 ms, found 0 plugins.
Preloading 0 native plugins for Editor in 0.00 ms.
Unloading 1 Unused Serialized files (Serialized files now loaded: 0)
Unloading 3755 unused Assets / (1.0 MB). Loaded Objects now: 4406.
Memory consumption went from 98.4 MB to 97.4 MB.
Total: 7.955068 ms (FindLiveObjects: 0.378039 ms CreateObjectMapping: 0.158357 ms MarkObjects: 6.292791 ms  DeleteObjects: 1.124709 ms)

Prepare: number of updated asset objects reloaded= 0
========================================================================
Received Import Request.
  Time since last request: 631.769634 seconds.
  path: Assets/Unity Technologies/CarsAssetPack/Models/FBX/Car-2.fbx
  artifactKey: Guid(3708f9167acc1b441a8e7d5b4e9ff129) Importer(815301076,1909f56bfc062723c751e8b465ee728b)
Start importing Assets/Unity Technologies/CarsAssetPack/Models/FBX/Car-2.fbx using Guid(3708f9167acc1b441a8e7d5b4e9ff129) Importer(815301076,1909f56bfc062723c751e8b465ee728b) (PreviewImporter) -> (artifact id: '27276d69a68ed9df2983643b3e894f62') in 0.118586923 seconds
Number of updated asset objects reloaded before import = 0Number of asset objects unloaded after import = 13

========================================================================
Received Import Request.
  Time since last request: 0.000041 seconds.
  path: Assets/Unity Technologies/CarsAssetPack/Models/FBX/Car-5.fbx
  artifactKey: Guid(48cd618cd02bb034492a2960c2fc7ddd) Importer(815301076,1909f56bfc062723c751e8b465ee728b)
Start importing Assets/Unity Technologies/CarsAssetPack/Models/FBX/Car-5.fbx using Guid(48cd618cd02bb034492a2960c2fc7ddd) Importer(815301076,1909f56bfc062723c751e8b465ee728b) (PreviewImporter) -> (artifact id: '64b85c82641af140e20ca105216d3524') in 0.03355631 seconds
Number of updated asset objects reloaded before import = 0Number of asset objects unloaded after import = 14

========================================================================
Received Import Request.
  Time since last request: 0.000016 seconds.
  path: Assets/Unity Technologies/CarsAssetPack/Models/FBX/Car-8.fbx
  artifactKey: Guid(344d33e51fe319c4c9568dabc486c3ff) Importer(815301076,1909f56bfc062723c751e8b465ee728b)
Start importing Assets/Unity Technologies/CarsAssetPack/Models/FBX/Car-8.fbx using Guid(344d33e51fe319c4c9568dabc486c3ff) Importer(815301076,1909f56bfc062723c751e8b465ee728b) (PreviewImporter) -> (artifact id: 'e34f8a5f86051a0d67ca2382a3f8fd33') in 0.026991218 seconds
Number of updated asset objects reloaded before import = 0Number of asset objects unloaded after import = 12

========================================================================
Received Import Request.
  Time since last request: 0.000023 seconds.
  path: Assets/Unity Technologies/CarsAssetPack/Models/FBX/Car-3.fbx
  artifactKey: Guid(830690d5c1cddc44ea920740a956d0b1) Importer(815301076,1909f56bfc062723c751e8b465ee728b)
Start importing Assets/Unity Technologies/CarsAssetPack/Models/FBX/Car-3.fbx using Guid(830690d5c1cddc44ea920740a956d0b1) Importer(815301076,1909f56bfc062723c751e8b465ee728b) (PreviewImporter) -> (artifact id: '4c3a97d1e3c872c4ff573b72c00f677c') in 0.030069772 seconds
Number of updated asset objects reloaded before import = 0Number of asset objects unloaded after import = 13

========================================================================
Received Import Request.
  Time since last request: 2.336036 seconds.
  path: Assets/Unity Technologies/CarsAssetPack/Models/OBJ/car-1.obj
  artifactKey: Guid(26eb1b3f7fe818d4db0c50e0eeecb288) Importer(815301076,1909f56bfc062723c751e8b465ee728b)
Start importing Assets/Unity Technologies/CarsAssetPack/Models/OBJ/car-1.obj using Guid(26eb1b3f7fe818d4db0c50e0eeecb288) Importer(815301076,1909f56bfc062723c751e8b465ee728b) (PreviewImporter) -> (artifact id: 'f040ac01646d4422186fbf8f65a58975') in 0.016236659 seconds
Number of updated asset objects reloaded before import = 0Number of asset objects unloaded after import = 10

========================================================================
Received Import Request.
  Time since last request: 0.000016 seconds.
  path: Assets/Unity Technologies/CarsAssetPack/Models/OBJ/car-6.obj
  artifactKey: Guid(07e5c910c242e2d45be008faea71c6b2) Importer(815301076,1909f56bfc062723c751e8b465ee728b)
Start importing Assets/Unity Technologies/CarsAssetPack/Models/OBJ/car-6.obj using Guid(07e5c910c242e2d45be008faea71c6b2) Importer(815301076,1909f56bfc062723c751e8b465ee728b) (PreviewImporter) -> (artifact id: '440cea56a3acf04d1508ca83d56c4508') in 0.018069747 seconds
Number of updated asset objects reloaded before import = 0Number of asset objects unloaded after import = 10

========================================================================
Received Import Request.
  Time since last request: 0.000019 seconds.
  path: Assets/Unity Technologies/CarsAssetPack/Models/OBJ/car-4.obj
  artifactKey: Guid(35462c1fbd0db7e4abbd17c3636307f0) Importer(815301076,1909f56bfc062723c751e8b465ee728b)
Start importing Assets/Unity Technologies/CarsAssetPack/Models/OBJ/car-4.obj using Guid(35462c1fbd0db7e4abbd17c3636307f0) Importer(815301076,1909f56bfc062723c751e8b465ee728b) (PreviewImporter) -> (artifact id: 'bdfb3d4252e6e634412dd193591c5785') in 0.016712422 seconds
Number of updated asset objects reloaded before import = 0Number of asset objects unloaded after import = 10

========================================================================
Received Import Request.
  Time since last request: 0.000040 seconds.
  path: Assets/Unity Technologies/CarsAssetPack/Models/OBJ/car-5.obj
  artifactKey: Guid(56ae26e15159565419466b99ed542ef5) Importer(815301076,1909f56bfc062723c751e8b465ee728b)
Start importing Assets/Unity Technologies/CarsAssetPack/Models/OBJ/car-5.obj using Guid(56ae26e15159565419466b99ed542ef5) Importer(815301076,1909f56bfc062723c751e8b465ee728b) (PreviewImporter) -> (artifact id: 'f4cafac617f84bb80ca62727f14469d8') in 0.016200362 seconds
Number of updated asset objects reloaded before import = 0Number of asset objects unloaded after import = 10

========================================================================
Received Import Request.
  Time since last request: 25.374427 seconds.
  path: Assets/Unity Technologies/CarsAssetPack/Prefabs/FBX/Car3.prefab
  artifactKey: Guid(a686086459191ea4994078fe68c2bf63) Importer(815301076,1909f56bfc062723c751e8b465ee728b)
Start importing Assets/Unity Technologies/CarsAssetPack/Prefabs/FBX/Car3.prefab using Guid(a686086459191ea4994078fe68c2bf63) Importer(815301076,1909f56bfc062723c751e8b465ee728b) (PreviewImporter) -> (artifact id: '78dc712ac1ddfc8e56d36d9497853220') in 0.005388044 seconds
Number of updated asset objects reloaded before import = 0Number of asset objects unloaded after import = 22

========================================================================
Received Import Request.
  Time since last request: 0.000011 seconds.
  path: Assets/Unity Technologies/CarsAssetPack/Prefabs/FBX/Car8.prefab
  artifactKey: Guid(7e4d049e6a79539479a2e9e98c071bfe) Importer(815301076,1909f56bfc062723c751e8b465ee728b)
Start importing Assets/Unity Technologies/CarsAssetPack/Prefabs/FBX/Car8.prefab using Guid(7e4d049e6a79539479a2e9e98c071bfe) Importer(815301076,1909f56bfc062723c751e8b465ee728b) (PreviewImporter) -> (artifact id: '867561059f08d805a475156edcae7edb') in 0.004400382 seconds
Number of updated asset objects reloaded before import = 0Number of asset objects unloaded after import = 21

========================================================================
Received Import Request.
  Time since last request: 0.000011 seconds.
  path: Assets/Unity Technologies/CarsAssetPack/Prefabs/FBX/Car5.prefab
  artifactKey: Guid(70b6b2f84042c5546b88956fe74b0c66) Importer(815301076,1909f56bfc062723c751e8b465ee728b)
Start importing Assets/Unity Technologies/CarsAssetPack/Prefabs/FBX/Car5.prefab using Guid(70b6b2f84042c5546b88956fe74b0c66) Importer(815301076,1909f56bfc062723c751e8b465ee728b) (PreviewImporter) -> (artifact id: '271742bb6d4a93ec5e2a461dd11e2751') in 0.005539539 seconds
Number of updated asset objects reloaded before import = 0Number of asset objects unloaded after import = 23

========================================================================
Received Import Request.
  Time since last request: 0.000021 seconds.
  path: Assets/Unity Technologies/CarsAssetPack/Prefabs/FBX/Car7.prefab
  artifactKey: Guid(dc8c2427d4e766843b3b93ad9de149ba) Importer(815301076,1909f56bfc062723c751e8b465ee728b)
Start importing Assets/Unity Technologies/CarsAssetPack/Prefabs/FBX/Car7.prefab using Guid(dc8c2427d4e766843b3b93ad9de149ba) Importer(815301076,1909f56bfc062723c751e8b465ee728b) (PreviewImporter) -> (artifact id: '0f9c38b951a76df1ef7f0544fe105c79') in 0.007463136 seconds
Number of updated asset objects reloaded before import = 0Number of asset objects unloaded after import = 19

========================================================================
Received Import Request.
  Time since last request: 0.000022 seconds.
  path: Assets/Unity Technologies/CarsAssetPack/Prefabs/FBX/Ground.prefab
  artifactKey: Guid(91f454419fab996438beebffcda81d5c) Importer(815301076,1909f56bfc062723c751e8b465ee728b)
Start importing Assets/Unity Technologies/CarsAssetPack/Prefabs/FBX/Ground.prefab using Guid(91f454419fab996438beebffcda81d5c) Importer(815301076,1909f56bfc062723c751e8b465ee728b) (PreviewImporter) -> (artifact id: '4a540955756b746ae9d9768e59404380') in 0.004951526 seconds
Number of updated asset objects reloaded before import = 0Number of asset objects unloaded after import = 18

========================================================================
Received Import Request.
  Time since last request: 8.906525 seconds.
  path: Assets/Unity Technologies/CarsAssetPack/Prefabs/BLEND/Car3.prefab
  artifactKey: Guid(5e7331712c78bf94c9d12bb06e96a485) Importer(815301076,1909f56bfc062723c751e8b465ee728b)
Start importing Assets/Unity Technologies/CarsAssetPack/Prefabs/BLEND/Car3.prefab using Guid(5e7331712c78bf94c9d12bb06e96a485) Importer(815301076,1909f56bfc062723c751e8b465ee728b) (PreviewImporter) -> (artifact id: '5e885b25eee19e1d38db3dc5d21c9554') in 0.001188739 seconds
Number of updated asset objects reloaded before import = 0Number of asset objects unloaded after import = 9

========================================================================
Received Import Request.
  Time since last request: 0.000652 seconds.
  path: Assets/Unity Technologies/CarsAssetPack/Prefabs/BLEND/Car6.prefab
  artifactKey: Guid(41ad9f32d51696d459b3233d7b38961e) Importer(815301076,1909f56bfc062723c751e8b465ee728b)
Start importing Assets/Unity Technologies/CarsAssetPack/Prefabs/BLEND/Car6.prefab using Guid(41ad9f32d51696d459b3233d7b38961e) Importer(815301076,1909f56bfc062723c751e8b465ee728b) (PreviewImporter) -> (artifact id: '306492bfcec0908b50b22cc65b3f1338') in 0.000972494 seconds
Number of updated asset objects reloaded before import = 0Number of asset objects unloaded after import = 9

========================================================================
Received Import Request.
  Time since last request: 9.030946 seconds.
  path: Assets/Unity Technologies/CarsAssetPack/Prefabs/OBJ/car-3.prefab
  artifactKey: Guid(68e334b73d4ac1744a1bad1bab973502) Importer(815301076,1909f56bfc062723c751e8b465ee728b)
Start importing Assets/Unity Technologies/CarsAssetPack/Prefabs/OBJ/car-3.prefab using Guid(68e334b73d4ac1744a1bad1bab973502) Importer(815301076,1909f56bfc062723c751e8b465ee728b) (PreviewImporter) -> (artifact id: '0c8896d604c3b80f4685de3f5c956bbd') in 0.007021448 seconds
Number of updated asset objects reloaded before import = 0Number of asset objects unloaded after import = 10

========================================================================
Received Import Request.
  Time since last request: 0.000029 seconds.
  path: Assets/Unity Technologies/CarsAssetPack/Prefabs/OBJ/car-8.prefab
  artifactKey: Guid(c96649cf6bc503a49a536c6444cb02a9) Importer(815301076,1909f56bfc062723c751e8b465ee728b)
Start importing Assets/Unity Technologies/CarsAssetPack/Prefabs/OBJ/car-8.prefab using Guid(c96649cf6bc503a49a536c6444cb02a9) Importer(815301076,1909f56bfc062723c751e8b465ee728b) (PreviewImporter) -> (artifact id: '0cc4f05693f6fc647ad8fcc04195fb4f') in 0.006536729 seconds
Number of updated asset objects reloaded before import = 0Number of asset objects unloaded after import = 10

========================================================================
Received Import Request.
  Time since last request: 0.000014 seconds.
  path: Assets/Unity Technologies/CarsAssetPack/Prefabs/OBJ/car-5.prefab
  artifactKey: Guid(4397c7cde187aec4cbc85265d50dba7a) Importer(815301076,1909f56bfc062723c751e8b465ee728b)
Start importing Assets/Unity Technologies/CarsAssetPack/Prefabs/OBJ/car-5.prefab using Guid(4397c7cde187aec4cbc85265d50dba7a) Importer(815301076,1909f56bfc062723c751e8b465ee728b) (PreviewImporter) -> (artifact id: 'd442494553c5f8c45ebf0b4a4958a2d1') in 0.006111221 seconds
Number of updated asset objects reloaded before import = 0Number of asset objects unloaded after import = 10

========================================================================
Received Import Request.
  Time since last request: 122.056865 seconds.
  path: Assets/Robot/Robot.prefab
  artifactKey: Guid(3c685a48d4e234fba83d5a824aed1ea6) Importer(815301076,1909f56bfc062723c751e8b465ee728b)
Start importing Assets/Robot/Robot.prefab using Guid(3c685a48d4e234fba83d5a824aed1ea6) Importer(815301076,1909f56bfc062723c751e8b465ee728b) (PreviewImporter) -> (artifact id: '0e73d577d62f152e2c9253128518648f') in 0.008076907 seconds
Number of updated asset objects reloaded before import = 0Number of asset objects unloaded after import = 99

========================================================================
Received Prepare
Refreshing native plugins compatible for Editor in 0.54 ms, found 0 plugins.
Preloading 0 native plugins for Editor in 0.00 ms.
Unloading 0 Unused Serialized files (Serialized files now loaded: 0)
Unloading 3747 unused Assets / (0.9 MB). Loaded Objects now: 4442.
Memory consumption went from 99.4 MB to 98.5 MB.
Total: 8.658348 ms (FindLiveObjects: 0.569007 ms CreateObjectMapping: 0.175439 ms MarkObjects: 7.008423 ms  DeleteObjects: 0.904166 ms)

Prepare: number of updated asset objects reloaded= 0
========================================================================
Received Prepare
Begin MonoManager ReloadAssembly
- Loaded All Assemblies, in  0.525 seconds
Refreshing native plugins compatible for Editor in 0.38 ms, found 0 plugins.
Native extension for LinuxStandalone target not found
Native extension for WebGL target not found
Mono: successfully reloaded assembly
- Finished resetting the current domain, in  0.895 seconds
Domain Reload Profiling: 1421ms
	BeginReloadAssembly (128ms)
		ExecutionOrderSort (0ms)
		DisableScriptedObjects (5ms)
		BackupInstance (0ms)
		ReleaseScriptingObjects (0ms)
		CreateAndSetChildDomain (44ms)
	RebuildCommonClasses (40ms)
	RebuildNativeTypeToScriptingClass (9ms)
	initialDomainReloadingComplete (25ms)
	LoadAllAssembliesAndSetupDomain (323ms)
		LoadAssemblies (212ms)
		RebuildTransferFunctionScriptingTraits (0ms)
		AnalyzeDomain (156ms)
			TypeCache.Refresh (8ms)
				TypeCache.ScanAssembly (0ms)
			BuildScriptInfoCaches (141ms)
			ResolveRequiredComponents (5ms)
	FinalizeReload (896ms)
		ReleaseScriptCaches (0ms)
		RebuildScriptCaches (0ms)
		SetupLoadedEditorAssemblies (670ms)
			LogAssemblyErrors (0ms)
			InitializePlatformSupportModulesInManaged (4ms)
			SetLoadedEditorAssemblies (6ms)
			BeforeProcessingInitializeOnLoad (54ms)
			ProcessInitializeOnLoadAttributes (580ms)
			ProcessInitializeOnLoadMethodAttributes (19ms)
			AfterProcessingInitializeOnLoad (7ms)
			EditorAssembliesLoaded (0ms)
		ExecutionOrderSort2 (0ms)
		AwakeInstancesAfterBackupRestoration (3ms)
Refreshing native plugins compatible for Editor in 0.42 ms, found 0 plugins.
Preloading 0 native plugins for Editor in 0.00 ms.
Unloading 0 Unused Serialized files (Serialized files now loaded: 0)
Unloading 3754 unused Assets / (1.1 MB). Loaded Objects now: 4441.
Memory consumption went from 98.8 MB to 97.7 MB.
Total: 7.121215 ms (FindLiveObjects: 0.406502 ms CreateObjectMapping: 0.153979 ms MarkObjects: 5.767236 ms  DeleteObjects: 0.792817 ms)

Prepare: number of updated asset objects reloaded= 0
========================================================================
Received Import Request.
  Time since last request: 100.732744 seconds.
  path: Assets/dashboard-1-unity/dashboard-1_ao.png
  artifactKey: Guid(aa7af012f2db14006b2aacc768cbcfae) Importer(815301076,1909f56bfc062723c751e8b465ee728b)
Start importing Assets/dashboard-1-unity/dashboard-1_ao.png using Guid(aa7af012f2db14006b2aacc768cbcfae) Importer(815301076,1909f56bfc062723c751e8b465ee728b) (PreviewImporter) -> (artifact id: '83725eb3ad2fb39d9f26cf4c17bdace5') in 0.04984122 seconds
Number of updated asset objects reloaded before import = 0Number of asset objects unloaded after import = 2

========================================================================
Received Import Request.
  Time since last request: 0.015727 seconds.
  path: Assets/dashboard-1-unity/dashboard-1_height.png
  artifactKey: Guid(c5f5c3d2e420646eebf69c468613b1f5) Importer(815301076,1909f56bfc062723c751e8b465ee728b)
Start importing Assets/dashboard-1-unity/dashboard-1_height.png using Guid(c5f5c3d2e420646eebf69c468613b1f5) Importer(815301076,1909f56bfc062723c751e8b465ee728b) (PreviewImporter) -> (artifact id: '723a06545357bba667e1593d44855776') in 0.007191156 seconds
Number of updated asset objects reloaded before import = 0Number of asset objects unloaded after import = 2

========================================================================
Received Import Request.
  Time since last request: 0.000046 seconds.
  path: Assets/dashboard-1-unity/dashboard-1_metallic.psd
  artifactKey: Guid(500ad464f87da4dbd989484906484311) Importer(815301076,1909f56bfc062723c751e8b465ee728b)
Start importing Assets/dashboard-1-unity/dashboard-1_metallic.psd using Guid(500ad464f87da4dbd989484906484311) Importer(815301076,1909f56bfc062723c751e8b465ee728b) (PreviewImporter) -> (artifact id: '4a68aa51acf7f622c5c279d40f72cfb9') in 0.009936595 seconds
Number of updated asset objects reloaded before import = 0Number of asset objects unloaded after import = 2

